<?xml version="1.0" encoding="UTF-8"?>
<testsuite xmlns:xsi="http://www.w3.org/2001/XMLSchema-instance" xsi:noNamespaceSchemaLocation="https://maven.apache.org/surefire/maven-surefire-plugin/xsd/surefire-test-report-3.0.xsd" version="3.0" name="uk.co.sainsburys.interview.service.ProductServiceTests" time="0.041" tests="1" errors="0" skipped="0" failures="1">
  <properties>
[...]
</properties>
  <testcase name="testGetProducts" classname="uk.co.sainsburys.interview.service.ProductServiceTests" time="0.025">
    <failure type="org.opentest4j.AssertionFailedError"><![CDATA[org.opentest4j.AssertionFailedError: expected: <1> but was: <0>
	at uk.co.sainsburys.interview.service.ProductServiceTests.testGetProducts(ProductServiceTests.java:56)
]]></failure>
    <system-out><![CDATA[2024-08-13 18:27:32.503 DEBUG 18096 --- [           main] o.s.test.context.BootstrapUtils          : Instantiating CacheAwareContextLoaderDelegate from class [org.springframework.test.context.cache.DefaultCacheAwareContextLoaderDelegate]
2024-08-13 18:27:32.503 DEBUG 18096 --- [           main] o.s.test.context.BootstrapUtils          : Instantiating BootstrapContext using constructor [public org.springframework.test.context.support.DefaultBootstrapContext(java.lang.Class,org.springframework.test.context.CacheAwareContextLoaderDelegate)]
2024-08-13 18:27:32.504 DEBUG 18096 --- [           main] o.s.test.context.BootstrapUtils          : Instantiating TestContextBootstrapper for test class [uk.co.sainsburys.interview.service.ProductServiceTests] from class [org.springframework.boot.test.context.SpringBootTestContextBootstrapper]
2024-08-13 18:27:32.504  INFO 18096 --- [           main] .b.t.c.SpringBootTestContextBootstrapper : Neither @ContextConfiguration nor @ContextHierarchy found for test class [uk.co.sainsburys.interview.service.ProductServiceTests], using SpringBootContextLoader
2024-08-13 18:27:32.505 DEBUG 18096 --- [           main] o.s.t.c.support.AbstractContextLoader    : Did not detect default resource location for test class [uk.co.sainsburys.interview.service.ProductServiceTests]: class path resource [uk/co/sainsburys/interview/service/ProductServiceTests-context.xml] does not exist
2024-08-13 18:27:32.505 DEBUG 18096 --- [           main] o.s.t.c.support.AbstractContextLoader    : Did not detect default resource location for test class [uk.co.sainsburys.interview.service.ProductServiceTests]: class path resource [uk/co/sainsburys/interview/service/ProductServiceTestsContext.groovy] does not exist
2024-08-13 18:27:32.506  INFO 18096 --- [           main] o.s.t.c.support.AbstractContextLoader    : Could not detect default resource locations for test class [uk.co.sainsburys.interview.service.ProductServiceTests]: no resource found for suffixes {-context.xml, Context.groovy}.
2024-08-13 18:27:32.506  INFO 18096 --- [           main] t.c.s.AnnotationConfigContextLoaderUtils : Could not detect default configuration classes for test class [uk.co.sainsburys.interview.service.ProductServiceTests]: ProductServiceTests does not declare any static, non-private, non-final, nested classes annotated with @Configuration.
2024-08-13 18:27:32.507 DEBUG 18096 --- [           main] o.s.t.c.support.ActiveProfilesUtils      : Could not find an 'annotation declaring class' for annotation type [org.springframework.test.context.ActiveProfiles] and class [uk.co.sainsburys.interview.service.ProductServiceTests]
2024-08-13 18:27:32.508  INFO 18096 --- [           main] .b.t.c.SpringBootTestContextBootstrapper : Found @SpringBootConfiguration uk.co.sainsburys.interview.ProductsApplication for test class uk.co.sainsburys.interview.service.ProductServiceTests
2024-08-13 18:27:32.510 DEBUG 18096 --- [           main] .b.t.c.SpringBootTestContextBootstrapper : @TestExecutionListeners is not present for class [uk.co.sainsburys.interview.service.ProductServiceTests]: using defaults.
2024-08-13 18:27:32.510  INFO 18096 --- [           main] .b.t.c.SpringBootTestContextBootstrapper : Loaded default TestExecutionListener class names from location [META-INF/spring.factories]: [org.springframework.boot.test.mock.mockito.MockitoTestExecutionListener, org.springframework.boot.test.mock.mockito.ResetMocksTestExecutionListener, org.springframework.boot.test.autoconfigure.restdocs.RestDocsTestExecutionListener, org.springframework.boot.test.autoconfigure.web.client.MockRestServiceServerResetTestExecutionListener, org.springframework.boot.test.autoconfigure.web.servlet.MockMvcPrintOnlyOnFailureTestExecutionListener, org.springframework.boot.test.autoconfigure.web.servlet.WebDriverTestExecutionListener, org.springframework.boot.test.autoconfigure.webservices.client.MockWebServiceServerTestExecutionListener, org.springframework.test.context.web.ServletTestExecutionListener, org.springframework.test.context.support.DirtiesContextBeforeModesTestExecutionListener, org.springframework.test.context.event.ApplicationEventsTestExecutionListener, org.springframework.test.context.support.DependencyInjectionTestExecutionListener, org.springframework.test.context.support.DirtiesContextTestExecutionListener, org.springframework.test.context.transaction.TransactionalTestExecutionListener, org.springframework.test.context.jdbc.SqlScriptsTestExecutionListener, org.springframework.test.context.event.EventPublishingTestExecutionListener]
2024-08-13 18:27:32.510 DEBUG 18096 --- [           main] .b.t.c.SpringBootTestContextBootstrapper : Skipping candidate TestExecutionListener [org.springframework.test.context.transaction.TransactionalTestExecutionListener] due to a missing dependency. Specify custom listener classes or make the default listener classes and their required dependencies available. Offending class: [org/springframework/transaction/TransactionDefinition]
2024-08-13 18:27:32.511 DEBUG 18096 --- [           main] .b.t.c.SpringBootTestContextBootstrapper : Skipping candidate TestExecutionListener [org.springframework.test.context.jdbc.SqlScriptsTestExecutionListener] due to a missing dependency. Specify custom listener classes or make the default listener classes and their required dependencies available. Offending class: [org/springframework/transaction/interceptor/TransactionAttribute]
2024-08-13 18:27:32.512  INFO 18096 --- [           main] .b.t.c.SpringBootTestContextBootstrapper : Using TestExecutionListeners: [org.springframework.test.context.web.ServletTestExecutionListener@32e65852, org.springframework.test.context.support.DirtiesContextBeforeModesTestExecutionListener@64d93096, org.springframework.test.context.event.ApplicationEventsTestExecutionListener@76ed7573, org.springframework.boot.test.mock.mockito.MockitoTestExecutionListener@51df2a41, org.springframework.boot.test.autoconfigure.SpringBootDependencyInjectionTestExecutionListener@517bdce0, org.springframework.test.context.support.DirtiesContextTestExecutionListener@7c0b0bd9, org.springframework.test.context.event.EventPublishingTestExecutionListener@6150afc6, org.springframework.boot.test.mock.mockito.ResetMocksTestExecutionListener@49f50c8f, org.springframework.boot.test.autoconfigure.restdocs.RestDocsTestExecutionListener@46e6458d, org.springframework.boot.test.autoconfigure.web.client.MockRestServiceServerResetTestExecutionListener@6297cb4b, org.springframework.boot.test.autoconfigure.web.servlet.MockMvcPrintOnlyOnFailureTestExecutionListener@65d6640, org.springframework.boot.test.autoconfigure.web.servlet.WebDriverTestExecutionListener@672d8370, org.springframework.boot.test.autoconfigure.webservices.client.MockWebServiceServerTestExecutionListener@13137835]
2024-08-13 18:27:32.512 DEBUG 18096 --- [           main] tractDirtiesContextTestExecutionListener : Before test class: context [DefaultTestContext@4f82248f testClass = ProductServiceTests, testInstance = [null], testMethod = [null], testException = [null], mergedContextConfiguration = [WebMergedContextConfiguration@22002459 testClass = ProductServiceTests, locations = '{}', classes = '{class uk.co.sainsburys.interview.ProductsApplication}', contextInitializerClasses = '[]', activeProfiles = '{}', propertySourceLocations = '{}', propertySourceProperties = '{org.springframework.boot.test.context.SpringBootTestContextBootstrapper=true}', contextCustomizers = set[org.springframework.boot.test.context.filter.ExcludeFilterContextCustomizer@352c1b98, org.springframework.boot.test.json.DuplicateJsonObjectContextCustomizerFactory$DuplicateJsonObjectContextCustomizer@48d61b48, org.springframework.boot.test.mock.mockito.MockitoContextCustomizer@0, org.springframework.boot.test.web.client.TestRestTemplateContextCustomizer@571c5681, org.springframework.boot.test.autoconfigure.actuate.metrics.MetricsExportContextCustomizerFactory$DisableMetricExportContextCustomizer@3081f72c, org.springframework.boot.test.autoconfigure.properties.PropertyMappingContextCustomizer@0, org.springframework.boot.test.autoconfigure.web.servlet.WebDriverContextCustomizerFactory$Customizer@1115ec15, org.springframework.boot.test.context.SpringBootTestArgs@1, org.springframework.boot.test.context.SpringBootTestWebEnvironment@222545dc], resourceBasePath = 'src/main/webapp', contextLoader = 'org.springframework.boot.test.context.SpringBootContextLoader', parent = [null]], attributes = map['org.springframework.test.context.web.ServletTestExecutionListener.activateListener' -> true]], class annotated with @DirtiesContext [false] with mode [null].
2024-08-13 18:27:32.512 DEBUG 18096 --- [           main] c.DefaultCacheAwareContextLoaderDelegate : Retrieved ApplicationContext [1544147328] from cache with key [[WebMergedContextConfiguration@22002459 testClass = ProductServiceTests, locations = '{}', classes = '{class uk.co.sainsburys.interview.ProductsApplication}', contextInitializerClasses = '[]', activeProfiles = '{}', propertySourceLocations = '{}', propertySourceProperties = '{org.springframework.boot.test.context.SpringBootTestContextBootstrapper=true}', contextCustomizers = set[org.springframework.boot.test.context.filter.ExcludeFilterContextCustomizer@352c1b98, org.springframework.boot.test.json.DuplicateJsonObjectContextCustomizerFactory$DuplicateJsonObjectContextCustomizer@48d61b48, org.springframework.boot.test.mock.mockito.MockitoContextCustomizer@0, org.springframework.boot.test.web.client.TestRestTemplateContextCustomizer@571c5681, org.springframework.boot.test.autoconfigure.actuate.metrics.MetricsExportContextCustomizerFactory$DisableMetricExportContextCustomizer@3081f72c, org.springframework.boot.test.autoconfigure.properties.PropertyMappingContextCustomizer@0, org.springframework.boot.test.autoconfigure.web.servlet.WebDriverContextCustomizerFactory$Customizer@1115ec15, org.springframework.boot.test.context.SpringBootTestArgs@1, org.springframework.boot.test.context.SpringBootTestWebEnvironment@222545dc], resourceBasePath = 'src/main/webapp', contextLoader = 'org.springframework.boot.test.context.SpringBootContextLoader', parent = [null]]]
2024-08-13 18:27:32.512 DEBUG 18096 --- [           main] org.springframework.test.context.cache   : Spring test ApplicationContext cache statistics: [DefaultContextCache@34d713a2 size = 2, maxSize = 32, parentContextCount = 0, hitCount = 26, missCount = 4]
2024-08-13 18:27:32.513 DEBUG 18096 --- [           main] c.DefaultCacheAwareContextLoaderDelegate : Retrieved ApplicationContext [1544147328] from cache with key [[WebMergedContextConfiguration@22002459 testClass = ProductServiceTests, locations = '{}', classes = '{class uk.co.sainsburys.interview.ProductsApplication}', contextInitializerClasses = '[]', activeProfiles = '{}', propertySourceLocations = '{}', propertySourceProperties = '{org.springframework.boot.test.context.SpringBootTestContextBootstrapper=true}', contextCustomizers = set[org.springframework.boot.test.context.filter.ExcludeFilterContextCustomizer@352c1b98, org.springframework.boot.test.json.DuplicateJsonObjectContextCustomizerFactory$DuplicateJsonObjectContextCustomizer@48d61b48, org.springframework.boot.test.mock.mockito.MockitoContextCustomizer@0, org.springframework.boot.test.web.client.TestRestTemplateContextCustomizer@571c5681, org.springframework.boot.test.autoconfigure.actuate.metrics.MetricsExportContextCustomizerFactory$DisableMetricExportContextCustomizer@3081f72c, org.springframework.boot.test.autoconfigure.properties.PropertyMappingContextCustomizer@0, org.springframework.boot.test.autoconfigure.web.servlet.WebDriverContextCustomizerFactory$Customizer@1115ec15, org.springframework.boot.test.context.SpringBootTestArgs@1, org.springframework.boot.test.context.SpringBootTestWebEnvironment@222545dc], resourceBasePath = 'src/main/webapp', contextLoader = 'org.springframework.boot.test.context.SpringBootContextLoader', parent = [null]]]
2024-08-13 18:27:32.513 DEBUG 18096 --- [           main] org.springframework.test.context.cache   : Spring test ApplicationContext cache statistics: [DefaultContextCache@34d713a2 size = 2, maxSize = 32, parentContextCount = 0, hitCount = 27, missCount = 4]
2024-08-13 18:27:32.513 DEBUG 18096 --- [           main] o.s.t.c.w.ServletTestExecutionListener   : Setting up MockHttpServletRequest, MockHttpServletResponse, ServletWebRequest, and RequestContextHolder for test context [DefaultTestContext@4f82248f testClass = ProductServiceTests, testInstance = uk.co.sainsburys.interview.service.ProductServiceTests@29bd056a, testMethod = [null], testException = [null], mergedContextConfiguration = [WebMergedContextConfiguration@22002459 testClass = ProductServiceTests, locations = '{}', classes = '{class uk.co.sainsburys.interview.ProductsApplication}', contextInitializerClasses = '[]', activeProfiles = '{}', propertySourceLocations = '{}', propertySourceProperties = '{org.springframework.boot.test.context.SpringBootTestContextBootstrapper=true}', contextCustomizers = set[org.springframework.boot.test.context.filter.ExcludeFilterContextCustomizer@352c1b98, org.springframework.boot.test.json.DuplicateJsonObjectContextCustomizerFactory$DuplicateJsonObjectContextCustomizer@48d61b48, org.springframework.boot.test.mock.mockito.MockitoContextCustomizer@0, org.springframework.boot.test.web.client.TestRestTemplateContextCustomizer@571c5681, org.springframework.boot.test.autoconfigure.actuate.metrics.MetricsExportContextCustomizerFactory$DisableMetricExportContextCustomizer@3081f72c, org.springframework.boot.test.autoconfigure.properties.PropertyMappingContextCustomizer@0, org.springframework.boot.test.autoconfigure.web.servlet.WebDriverContextCustomizerFactory$Customizer@1115ec15, org.springframework.boot.test.context.SpringBootTestArgs@1, org.springframework.boot.test.context.SpringBootTestWebEnvironment@222545dc], resourceBasePath = 'src/main/webapp', contextLoader = 'org.springframework.boot.test.context.SpringBootContextLoader', parent = [null]], attributes = map['org.springframework.test.context.web.ServletTestExecutionListener.activateListener' -> true]].
2024-08-13 18:27:32.514 DEBUG 18096 --- [           main] DependencyInjectionTestExecutionListener : Performing dependency injection for test context [[DefaultTestContext@4f82248f testClass = ProductServiceTests, testInstance = uk.co.sainsburys.interview.service.ProductServiceTests@29bd056a, testMethod = [null], testException = [null], mergedContextConfiguration = [WebMergedContextConfiguration@22002459 testClass = ProductServiceTests, locations = '{}', classes = '{class uk.co.sainsburys.interview.ProductsApplication}', contextInitializerClasses = '[]', activeProfiles = '{}', propertySourceLocations = '{}', propertySourceProperties = '{org.springframework.boot.test.context.SpringBootTestContextBootstrapper=true}', contextCustomizers = set[org.springframework.boot.test.context.filter.ExcludeFilterContextCustomizer@352c1b98, org.springframework.boot.test.json.DuplicateJsonObjectContextCustomizerFactory$DuplicateJsonObjectContextCustomizer@48d61b48, org.springframework.boot.test.mock.mockito.MockitoContextCustomizer@0, org.springframework.boot.test.web.client.TestRestTemplateContextCustomizer@571c5681, org.springframework.boot.test.autoconfigure.actuate.metrics.MetricsExportContextCustomizerFactory$DisableMetricExportContextCustomizer@3081f72c, org.springframework.boot.test.autoconfigure.properties.PropertyMappingContextCustomizer@0, org.springframework.boot.test.autoconfigure.web.servlet.WebDriverContextCustomizerFactory$Customizer@1115ec15, org.springframework.boot.test.context.SpringBootTestArgs@1, org.springframework.boot.test.context.SpringBootTestWebEnvironment@222545dc], resourceBasePath = 'src/main/webapp', contextLoader = 'org.springframework.boot.test.context.SpringBootContextLoader', parent = [null]], attributes = map['org.springframework.test.context.web.ServletTestExecutionListener.activateListener' -> true, 'org.springframework.test.context.web.ServletTestExecutionListener.populatedRequestContextHolder' -> true, 'org.springframework.test.context.web.ServletTestExecutionListener.resetRequestContextHolder' -> true, 'org.springframework.test.context.event.ApplicationEventsTestExecutionListener.recordApplicationEvents' -> false, 'org.springframework.boot.test.mock.mockito.MockitoTestExecutionListener.mocks' -> org.mockito.internal.configuration.InjectingAnnotationEngine$$Lambda$1049/0x0000000800695040@7f1fec57]]].
2024-08-13 18:27:32.514 DEBUG 18096 --- [           main] c.DefaultCacheAwareContextLoaderDelegate : Retrieved ApplicationContext [1544147328] from cache with key [[WebMergedContextConfiguration@22002459 testClass = ProductServiceTests, locations = '{}', classes = '{class uk.co.sainsburys.interview.ProductsApplication}', contextInitializerClasses = '[]', activeProfiles = '{}', propertySourceLocations = '{}', propertySourceProperties = '{org.springframework.boot.test.context.SpringBootTestContextBootstrapper=true}', contextCustomizers = set[org.springframework.boot.test.context.filter.ExcludeFilterContextCustomizer@352c1b98, org.springframework.boot.test.json.DuplicateJsonObjectContextCustomizerFactory$DuplicateJsonObjectContextCustomizer@48d61b48, org.springframework.boot.test.mock.mockito.MockitoContextCustomizer@0, org.springframework.boot.test.web.client.TestRestTemplateContextCustomizer@571c5681, org.springframework.boot.test.autoconfigure.actuate.metrics.MetricsExportContextCustomizerFactory$DisableMetricExportContextCustomizer@3081f72c, org.springframework.boot.test.autoconfigure.properties.PropertyMappingContextCustomizer@0, org.springframework.boot.test.autoconfigure.web.servlet.WebDriverContextCustomizerFactory$Customizer@1115ec15, org.springframework.boot.test.context.SpringBootTestArgs@1, org.springframework.boot.test.context.SpringBootTestWebEnvironment@222545dc], resourceBasePath = 'src/main/webapp', contextLoader = 'org.springframework.boot.test.context.SpringBootContextLoader', parent = [null]]]
2024-08-13 18:27:32.514 DEBUG 18096 --- [           main] org.springframework.test.context.cache   : Spring test ApplicationContext cache statistics: [DefaultContextCache@34d713a2 size = 2, maxSize = 32, parentContextCount = 0, hitCount = 28, missCount = 4]
2024-08-13 18:27:32.516 DEBUG 18096 --- [           main] c.DefaultCacheAwareContextLoaderDelegate : Retrieved ApplicationContext [1544147328] from cache with key [[WebMergedContextConfiguration@22002459 testClass = ProductServiceTests, locations = '{}', classes = '{class uk.co.sainsburys.interview.ProductsApplication}', contextInitializerClasses = '[]', activeProfiles = '{}', propertySourceLocations = '{}', propertySourceProperties = '{org.springframework.boot.test.context.SpringBootTestContextBootstrapper=true}', contextCustomizers = set[org.springframework.boot.test.context.filter.ExcludeFilterContextCustomizer@352c1b98, org.springframework.boot.test.json.DuplicateJsonObjectContextCustomizerFactory$DuplicateJsonObjectContextCustomizer@48d61b48, org.springframework.boot.test.mock.mockito.MockitoContextCustomizer@0, org.springframework.boot.test.web.client.TestRestTemplateContextCustomizer@571c5681, org.springframework.boot.test.autoconfigure.actuate.metrics.MetricsExportContextCustomizerFactory$DisableMetricExportContextCustomizer@3081f72c, org.springframework.boot.test.autoconfigure.properties.PropertyMappingContextCustomizer@0, org.springframework.boot.test.autoconfigure.web.servlet.WebDriverContextCustomizerFactory$Customizer@1115ec15, org.springframework.boot.test.context.SpringBootTestArgs@1, org.springframework.boot.test.context.SpringBootTestWebEnvironment@222545dc], resourceBasePath = 'src/main/webapp', contextLoader = 'org.springframework.boot.test.context.SpringBootContextLoader', parent = [null]]]
2024-08-13 18:27:32.516 DEBUG 18096 --- [           main] org.springframework.test.context.cache   : Spring test ApplicationContext cache statistics: [DefaultContextCache@34d713a2 size = 2, maxSize = 32, parentContextCount = 0, hitCount = 29, missCount = 4]
2024-08-13 18:27:32.518 DEBUG 18096 --- [           main] tractDirtiesContextTestExecutionListener : Before test method: context [DefaultTestContext@4f82248f testClass = ProductServiceTests, testInstance = uk.co.sainsburys.interview.service.ProductServiceTests@29bd056a, testMethod = testGetProducts@ProductServiceTests, testException = [null], mergedContextConfiguration = [WebMergedContextConfiguration@22002459 testClass = ProductServiceTests, locations = '{}', classes = '{class uk.co.sainsburys.interview.ProductsApplication}', contextInitializerClasses = '[]', activeProfiles = '{}', propertySourceLocations = '{}', propertySourceProperties = '{org.springframework.boot.test.context.SpringBootTestContextBootstrapper=true}', contextCustomizers = set[org.springframework.boot.test.context.filter.ExcludeFilterContextCustomizer@352c1b98, org.springframework.boot.test.json.DuplicateJsonObjectContextCustomizerFactory$DuplicateJsonObjectContextCustomizer@48d61b48, org.springframework.boot.test.mock.mockito.MockitoContextCustomizer@0, org.springframework.boot.test.web.client.TestRestTemplateContextCustomizer@571c5681, org.springframework.boot.test.autoconfigure.actuate.metrics.MetricsExportContextCustomizerFactory$DisableMetricExportContextCustomizer@3081f72c, org.springframework.boot.test.autoconfigure.properties.PropertyMappingContextCustomizer@0, org.springframework.boot.test.autoconfigure.web.servlet.WebDriverContextCustomizerFactory$Customizer@1115ec15, org.springframework.boot.test.context.SpringBootTestArgs@1, org.springframework.boot.test.context.SpringBootTestWebEnvironment@222545dc], resourceBasePath = 'src/main/webapp', contextLoader = 'org.springframework.boot.test.context.SpringBootContextLoader', parent = [null]], attributes = map['org.springframework.test.context.web.ServletTestExecutionListener.activateListener' -> true, 'org.springframework.test.context.web.ServletTestExecutionListener.populatedRequestContextHolder' -> true, 'org.springframework.test.context.web.ServletTestExecutionListener.resetRequestContextHolder' -> true, 'org.springframework.test.context.event.ApplicationEventsTestExecutionListener.recordApplicationEvents' -> false, 'org.springframework.boot.test.mock.mockito.MockitoTestExecutionListener.mocks' -> org.mockito.internal.configuration.InjectingAnnotationEngine$$Lambda$1049/0x0000000800695040@7f1fec57]], class annotated with @DirtiesContext [false] with mode [null], method annotated with @DirtiesContext [false] with mode [null].
2024-08-13 18:27:32.518 DEBUG 18096 --- [           main] c.DefaultCacheAwareContextLoaderDelegate : Retrieved ApplicationContext [1544147328] from cache with key [[WebMergedContextConfiguration@22002459 testClass = ProductServiceTests, locations = '{}', classes = '{class uk.co.sainsburys.interview.ProductsApplication}', contextInitializerClasses = '[]', activeProfiles = '{}', propertySourceLocations = '{}', propertySourceProperties = '{org.springframework.boot.test.context.SpringBootTestContextBootstrapper=true}', contextCustomizers = set[org.springframework.boot.test.context.filter.ExcludeFilterContextCustomizer@352c1b98, org.springframework.boot.test.json.DuplicateJsonObjectContextCustomizerFactory$DuplicateJsonObjectContextCustomizer@48d61b48, org.springframework.boot.test.mock.mockito.MockitoContextCustomizer@0, org.springframework.boot.test.web.client.TestRestTemplateContextCustomizer@571c5681, org.springframework.boot.test.autoconfigure.actuate.metrics.MetricsExportContextCustomizerFactory$DisableMetricExportContextCustomizer@3081f72c, org.springframework.boot.test.autoconfigure.properties.PropertyMappingContextCustomizer@0, org.springframework.boot.test.autoconfigure.web.servlet.WebDriverContextCustomizerFactory$Customizer@1115ec15, org.springframework.boot.test.context.SpringBootTestArgs@1, org.springframework.boot.test.context.SpringBootTestWebEnvironment@222545dc], resourceBasePath = 'src/main/webapp', contextLoader = 'org.springframework.boot.test.context.SpringBootContextLoader', parent = [null]]]
2024-08-13 18:27:32.518 DEBUG 18096 --- [           main] org.springframework.test.context.cache   : Spring test ApplicationContext cache statistics: [DefaultContextCache@34d713a2 size = 2, maxSize = 32, parentContextCount = 0, hitCount = 30, missCount = 4]
2024-08-13 18:27:32.518 DEBUG 18096 --- [           main] c.DefaultCacheAwareContextLoaderDelegate : Retrieved ApplicationContext [1544147328] from cache with key [[WebMergedContextConfiguration@22002459 testClass = ProductServiceTests, locations = '{}', classes = '{class uk.co.sainsburys.interview.ProductsApplication}', contextInitializerClasses = '[]', activeProfiles = '{}', propertySourceLocations = '{}', propertySourceProperties = '{org.springframework.boot.test.context.SpringBootTestContextBootstrapper=true}', contextCustomizers = set[org.springframework.boot.test.context.filter.ExcludeFilterContextCustomizer@352c1b98, org.springframework.boot.test.json.DuplicateJsonObjectContextCustomizerFactory$DuplicateJsonObjectContextCustomizer@48d61b48, org.springframework.boot.test.mock.mockito.MockitoContextCustomizer@0, org.springframework.boot.test.web.client.TestRestTemplateContextCustomizer@571c5681, org.springframework.boot.test.autoconfigure.actuate.metrics.MetricsExportContextCustomizerFactory$DisableMetricExportContextCustomizer@3081f72c, org.springframework.boot.test.autoconfigure.properties.PropertyMappingContextCustomizer@0, org.springframework.boot.test.autoconfigure.web.servlet.WebDriverContextCustomizerFactory$Customizer@1115ec15, org.springframework.boot.test.context.SpringBootTestArgs@1, org.springframework.boot.test.context.SpringBootTestWebEnvironment@222545dc], resourceBasePath = 'src/main/webapp', contextLoader = 'org.springframework.boot.test.context.SpringBootContextLoader', parent = [null]]]
2024-08-13 18:27:32.518 DEBUG 18096 --- [           main] org.springframework.test.context.cache   : Spring test ApplicationContext cache statistics: [DefaultContextCache@34d713a2 size = 2, maxSize = 32, parentContextCount = 0, hitCount = 31, missCount = 4]
2024-08-13 18:27:32.524 DEBUG 18096 --- [           main] c.DefaultCacheAwareContextLoaderDelegate : Retrieved ApplicationContext [1544147328] from cache with key [[WebMergedContextConfiguration@22002459 testClass = ProductServiceTests, locations = '{}', classes = '{class uk.co.sainsburys.interview.ProductsApplication}', contextInitializerClasses = '[]', activeProfiles = '{}', propertySourceLocations = '{}', propertySourceProperties = '{org.springframework.boot.test.context.SpringBootTestContextBootstrapper=true}', contextCustomizers = set[org.springframework.boot.test.context.filter.ExcludeFilterContextCustomizer@352c1b98, org.springframework.boot.test.json.DuplicateJsonObjectContextCustomizerFactory$DuplicateJsonObjectContextCustomizer@48d61b48, org.springframework.boot.test.mock.mockito.MockitoContextCustomizer@0, org.springframework.boot.test.web.client.TestRestTemplateContextCustomizer@571c5681, org.springframework.boot.test.autoconfigure.actuate.metrics.MetricsExportContextCustomizerFactory$DisableMetricExportContextCustomizer@3081f72c, org.springframework.boot.test.autoconfigure.properties.PropertyMappingContextCustomizer@0, org.springframework.boot.test.autoconfigure.web.servlet.WebDriverContextCustomizerFactory$Customizer@1115ec15, org.springframework.boot.test.context.SpringBootTestArgs@1, org.springframework.boot.test.context.SpringBootTestWebEnvironment@222545dc], resourceBasePath = 'src/main/webapp', contextLoader = 'org.springframework.boot.test.context.SpringBootContextLoader', parent = [null]]]
2024-08-13 18:27:32.524 DEBUG 18096 --- [           main] org.springframework.test.context.cache   : Spring test ApplicationContext cache statistics: [DefaultContextCache@34d713a2 size = 2, maxSize = 32, parentContextCount = 0, hitCount = 32, missCount = 4]
2024-08-13 18:27:32.525 DEBUG 18096 --- [           main] u.c.s.interview.service.ProductService   : Fetching products from API: null
2024-08-13 18:27:32.525 DEBUG 18096 --- [           main] u.c.s.interview.service.ProductService   : Raw API response for products: null
2024-08-13 18:27:32.525 DEBUG 18096 --- [           main] u.c.s.interview.service.ProductService   : Fetched products: []
2024-08-13 18:27:32.525 DEBUG 18096 --- [           main] u.c.s.interview.service.ProductService   : Fetching prices from API: null
2024-08-13 18:27:32.525 DEBUG 18096 --- [           main] u.c.s.interview.service.ProductService   : Raw API response for prices: null
2024-08-13 18:27:32.525 DEBUG 18096 --- [           main] u.c.s.interview.service.ProductService   : Fetched prices: {}
2024-08-13 18:27:32.538 DEBUG 18096 --- [           main] c.DefaultCacheAwareContextLoaderDelegate : Retrieved ApplicationContext [1544147328] from cache with key [[WebMergedContextConfiguration@22002459 testClass = ProductServiceTests, locations = '{}', classes = '{class uk.co.sainsburys.interview.ProductsApplication}', contextInitializerClasses = '[]', activeProfiles = '{}', propertySourceLocations = '{}', propertySourceProperties = '{org.springframework.boot.test.context.SpringBootTestContextBootstrapper=true}', contextCustomizers = set[org.springframework.boot.test.context.filter.ExcludeFilterContextCustomizer@352c1b98, org.springframework.boot.test.json.DuplicateJsonObjectContextCustomizerFactory$DuplicateJsonObjectContextCustomizer@48d61b48, org.springframework.boot.test.mock.mockito.MockitoContextCustomizer@0, org.springframework.boot.test.web.client.TestRestTemplateContextCustomizer@571c5681, org.springframework.boot.test.autoconfigure.actuate.metrics.MetricsExportContextCustomizerFactory$DisableMetricExportContextCustomizer@3081f72c, org.springframework.boot.test.autoconfigure.properties.PropertyMappingContextCustomizer@0, org.springframework.boot.test.autoconfigure.web.servlet.WebDriverContextCustomizerFactory$Customizer@1115ec15, org.springframework.boot.test.context.SpringBootTestArgs@1, org.springframework.boot.test.context.SpringBootTestWebEnvironment@222545dc], resourceBasePath = 'src/main/webapp', contextLoader = 'org.springframework.boot.test.context.SpringBootContextLoader', parent = [null]]]
2024-08-13 18:27:32.538 DEBUG 18096 --- [           main] org.springframework.test.context.cache   : Spring test ApplicationContext cache statistics: [DefaultContextCache@34d713a2 size = 2, maxSize = 32, parentContextCount = 0, hitCount = 33, missCount = 4]
2024-08-13 18:27:32.539 DEBUG 18096 --- [           main] c.DefaultCacheAwareContextLoaderDelegate : Retrieved ApplicationContext [1544147328] from cache with key [[WebMergedContextConfiguration@22002459 testClass = ProductServiceTests, locations = '{}', classes = '{class uk.co.sainsburys.interview.ProductsApplication}', contextInitializerClasses = '[]', activeProfiles = '{}', propertySourceLocations = '{}', propertySourceProperties = '{org.springframework.boot.test.context.SpringBootTestContextBootstrapper=true}', contextCustomizers = set[org.springframework.boot.test.context.filter.ExcludeFilterContextCustomizer@352c1b98, org.springframework.boot.test.json.DuplicateJsonObjectContextCustomizerFactory$DuplicateJsonObjectContextCustomizer@48d61b48, org.springframework.boot.test.mock.mockito.MockitoContextCustomizer@0, org.springframework.boot.test.web.client.TestRestTemplateContextCustomizer@571c5681, org.springframework.boot.test.autoconfigure.actuate.metrics.MetricsExportContextCustomizerFactory$DisableMetricExportContextCustomizer@3081f72c, org.springframework.boot.test.autoconfigure.properties.PropertyMappingContextCustomizer@0, org.springframework.boot.test.autoconfigure.web.servlet.WebDriverContextCustomizerFactory$Customizer@1115ec15, org.springframework.boot.test.context.SpringBootTestArgs@1, org.springframework.boot.test.context.SpringBootTestWebEnvironment@222545dc], resourceBasePath = 'src/main/webapp', contextLoader = 'org.springframework.boot.test.context.SpringBootContextLoader', parent = [null]]]
2024-08-13 18:27:32.539 DEBUG 18096 --- [           main] org.springframework.test.context.cache   : Spring test ApplicationContext cache statistics: [DefaultContextCache@34d713a2 size = 2, maxSize = 32, parentContextCount = 0, hitCount = 34, missCount = 4]
2024-08-13 18:27:32.539 DEBUG 18096 --- [           main] c.DefaultCacheAwareContextLoaderDelegate : Retrieved ApplicationContext [1544147328] from cache with key [[WebMergedContextConfiguration@22002459 testClass = ProductServiceTests, locations = '{}', classes = '{class uk.co.sainsburys.interview.ProductsApplication}', contextInitializerClasses = '[]', activeProfiles = '{}', propertySourceLocations = '{}', propertySourceProperties = '{org.springframework.boot.test.context.SpringBootTestContextBootstrapper=true}', contextCustomizers = set[org.springframework.boot.test.context.filter.ExcludeFilterContextCustomizer@352c1b98, org.springframework.boot.test.json.DuplicateJsonObjectContextCustomizerFactory$DuplicateJsonObjectContextCustomizer@48d61b48, org.springframework.boot.test.mock.mockito.MockitoContextCustomizer@0, org.springframework.boot.test.web.client.TestRestTemplateContextCustomizer@571c5681, org.springframework.boot.test.autoconfigure.actuate.metrics.MetricsExportContextCustomizerFactory$DisableMetricExportContextCustomizer@3081f72c, org.springframework.boot.test.autoconfigure.properties.PropertyMappingContextCustomizer@0, org.springframework.boot.test.autoconfigure.web.servlet.WebDriverContextCustomizerFactory$Customizer@1115ec15, org.springframework.boot.test.context.SpringBootTestArgs@1, org.springframework.boot.test.context.SpringBootTestWebEnvironment@222545dc], resourceBasePath = 'src/main/webapp', contextLoader = 'org.springframework.boot.test.context.SpringBootContextLoader', parent = [null]]]
2024-08-13 18:27:32.539 DEBUG 18096 --- [           main] org.springframework.test.context.cache   : Spring test ApplicationContext cache statistics: [DefaultContextCache@34d713a2 size = 2, maxSize = 32, parentContextCount = 0, hitCount = 35, missCount = 4]
2024-08-13 18:27:32.540 DEBUG 18096 --- [           main] c.DefaultCacheAwareContextLoaderDelegate : Retrieved ApplicationContext [1544147328] from cache with key [[WebMergedContextConfiguration@22002459 testClass = ProductServiceTests, locations = '{}', classes = '{class uk.co.sainsburys.interview.ProductsApplication}', contextInitializerClasses = '[]', activeProfiles = '{}', propertySourceLocations = '{}', propertySourceProperties = '{org.springframework.boot.test.context.SpringBootTestContextBootstrapper=true}', contextCustomizers = set[org.springframework.boot.test.context.filter.ExcludeFilterContextCustomizer@352c1b98, org.springframework.boot.test.json.DuplicateJsonObjectContextCustomizerFactory$DuplicateJsonObjectContextCustomizer@48d61b48, org.springframework.boot.test.mock.mockito.MockitoContextCustomizer@0, org.springframework.boot.test.web.client.TestRestTemplateContextCustomizer@571c5681, org.springframework.boot.test.autoconfigure.actuate.metrics.MetricsExportContextCustomizerFactory$DisableMetricExportContextCustomizer@3081f72c, org.springframework.boot.test.autoconfigure.properties.PropertyMappingContextCustomizer@0, org.springframework.boot.test.autoconfigure.web.servlet.WebDriverContextCustomizerFactory$Customizer@1115ec15, org.springframework.boot.test.context.SpringBootTestArgs@1, org.springframework.boot.test.context.SpringBootTestWebEnvironment@222545dc], resourceBasePath = 'src/main/webapp', contextLoader = 'org.springframework.boot.test.context.SpringBootContextLoader', parent = [null]]]
2024-08-13 18:27:32.540 DEBUG 18096 --- [           main] org.springframework.test.context.cache   : Spring test ApplicationContext cache statistics: [DefaultContextCache@34d713a2 size = 2, maxSize = 32, parentContextCount = 0, hitCount = 36, missCount = 4]
2024-08-13 18:27:32.541 DEBUG 18096 --- [           main] c.DefaultCacheAwareContextLoaderDelegate : Retrieved ApplicationContext [1544147328] from cache with key [[WebMergedContextConfiguration@22002459 testClass = ProductServiceTests, locations = '{}', classes = '{class uk.co.sainsburys.interview.ProductsApplication}', contextInitializerClasses = '[]', activeProfiles = '{}', propertySourceLocations = '{}', propertySourceProperties = '{org.springframework.boot.test.context.SpringBootTestContextBootstrapper=true}', contextCustomizers = set[org.springframework.boot.test.context.filter.ExcludeFilterContextCustomizer@352c1b98, org.springframework.boot.test.json.DuplicateJsonObjectContextCustomizerFactory$DuplicateJsonObjectContextCustomizer@48d61b48, org.springframework.boot.test.mock.mockito.MockitoContextCustomizer@0, org.springframework.boot.test.web.client.TestRestTemplateContextCustomizer@571c5681, org.springframework.boot.test.autoconfigure.actuate.metrics.MetricsExportContextCustomizerFactory$DisableMetricExportContextCustomizer@3081f72c, org.springframework.boot.test.autoconfigure.properties.PropertyMappingContextCustomizer@0, org.springframework.boot.test.autoconfigure.web.servlet.WebDriverContextCustomizerFactory$Customizer@1115ec15, org.springframework.boot.test.context.SpringBootTestArgs@1, org.springframework.boot.test.context.SpringBootTestWebEnvironment@222545dc], resourceBasePath = 'src/main/webapp', contextLoader = 'org.springframework.boot.test.context.SpringBootContextLoader', parent = [null]]]
2024-08-13 18:27:32.541 DEBUG 18096 --- [           main] org.springframework.test.context.cache   : Spring test ApplicationContext cache statistics: [DefaultContextCache@34d713a2 size = 2, maxSize = 32, parentContextCount = 0, hitCount = 37, missCount = 4]
2024-08-13 18:27:32.541 DEBUG 18096 --- [           main] c.DefaultCacheAwareContextLoaderDelegate : Retrieved ApplicationContext [1544147328] from cache with key [[WebMergedContextConfiguration@22002459 testClass = ProductServiceTests, locations = '{}', classes = '{class uk.co.sainsburys.interview.ProductsApplication}', contextInitializerClasses = '[]', activeProfiles = '{}', propertySourceLocations = '{}', propertySourceProperties = '{org.springframework.boot.test.context.SpringBootTestContextBootstrapper=true}', contextCustomizers = set[org.springframework.boot.test.context.filter.ExcludeFilterContextCustomizer@352c1b98, org.springframework.boot.test.json.DuplicateJsonObjectContextCustomizerFactory$DuplicateJsonObjectContextCustomizer@48d61b48, org.springframework.boot.test.mock.mockito.MockitoContextCustomizer@0, org.springframework.boot.test.web.client.TestRestTemplateContextCustomizer@571c5681, org.springframework.boot.test.autoconfigure.actuate.metrics.MetricsExportContextCustomizerFactory$DisableMetricExportContextCustomizer@3081f72c, org.springframework.boot.test.autoconfigure.properties.PropertyMappingContextCustomizer@0, org.springframework.boot.test.autoconfigure.web.servlet.WebDriverContextCustomizerFactory$Customizer@1115ec15, org.springframework.boot.test.context.SpringBootTestArgs@1, org.springframework.boot.test.context.SpringBootTestWebEnvironment@222545dc], resourceBasePath = 'src/main/webapp', contextLoader = 'org.springframework.boot.test.context.SpringBootContextLoader', parent = [null]]]
2024-08-13 18:27:32.541 DEBUG 18096 --- [           main] org.springframework.test.context.cache   : Spring test ApplicationContext cache statistics: [DefaultContextCache@34d713a2 size = 2, maxSize = 32, parentContextCount = 0, hitCount = 38, missCount = 4]
2024-08-13 18:27:32.541 DEBUG 18096 --- [           main] tractDirtiesContextTestExecutionListener : After test method: context [DefaultTestContext@4f82248f testClass = ProductServiceTests, testInstance = uk.co.sainsburys.interview.service.ProductServiceTests@29bd056a, testMethod = testGetProducts@ProductServiceTests, testException = org.opentest4j.AssertionFailedError: expected: <1> but was: <0>, mergedContextConfiguration = [WebMergedContextConfiguration@22002459 testClass = ProductServiceTests, locations = '{}', classes = '{class uk.co.sainsburys.interview.ProductsApplication}', contextInitializerClasses = '[]', activeProfiles = '{}', propertySourceLocations = '{}', propertySourceProperties = '{org.springframework.boot.test.context.SpringBootTestContextBootstrapper=true}', contextCustomizers = set[org.springframework.boot.test.context.filter.ExcludeFilterContextCustomizer@352c1b98, org.springframework.boot.test.json.DuplicateJsonObjectContextCustomizerFactory$DuplicateJsonObjectContextCustomizer@48d61b48, org.springframework.boot.test.mock.mockito.MockitoContextCustomizer@0, org.springframework.boot.test.web.client.TestRestTemplateContextCustomizer@571c5681, org.springframework.boot.test.autoconfigure.actuate.metrics.MetricsExportContextCustomizerFactory$DisableMetricExportContextCustomizer@3081f72c, org.springframework.boot.test.autoconfigure.properties.PropertyMappingContextCustomizer@0, org.springframework.boot.test.autoconfigure.web.servlet.WebDriverContextCustomizerFactory$Customizer@1115ec15, org.springframework.boot.test.context.SpringBootTestArgs@1, org.springframework.boot.test.context.SpringBootTestWebEnvironment@222545dc], resourceBasePath = 'src/main/webapp', contextLoader = 'org.springframework.boot.test.context.SpringBootContextLoader', parent = [null]], attributes = map['org.springframework.test.context.web.ServletTestExecutionListener.activateListener' -> true, 'org.springframework.test.context.web.ServletTestExecutionListener.populatedRequestContextHolder' -> true, 'org.springframework.test.context.web.ServletTestExecutionListener.resetRequestContextHolder' -> true, 'org.springframework.test.context.event.ApplicationEventsTestExecutionListener.recordApplicationEvents' -> false, 'org.springframework.boot.test.mock.mockito.MockitoTestExecutionListener.mocks' -> org.mockito.internal.configuration.InjectingAnnotationEngine$$Lambda$1049/0x0000000800695040@7f1fec57]], class annotated with @DirtiesContext [false] with mode [null], method annotated with @DirtiesContext [false] with mode [null].
2024-08-13 18:27:32.541 DEBUG 18096 --- [           main] o.s.t.c.w.ServletTestExecutionListener   : Resetting RequestContextHolder for test context [DefaultTestContext@4f82248f testClass = ProductServiceTests, testInstance = uk.co.sainsburys.interview.service.ProductServiceTests@29bd056a, testMethod = testGetProducts@ProductServiceTests, testException = org.opentest4j.AssertionFailedError: expected: <1> but was: <0>, mergedContextConfiguration = [WebMergedContextConfiguration@22002459 testClass = ProductServiceTests, locations = '{}', classes = '{class uk.co.sainsburys.interview.ProductsApplication}', contextInitializerClasses = '[]', activeProfiles = '{}', propertySourceLocations = '{}', propertySourceProperties = '{org.springframework.boot.test.context.SpringBootTestContextBootstrapper=true}', contextCustomizers = set[org.springframework.boot.test.context.filter.ExcludeFilterContextCustomizer@352c1b98, org.springframework.boot.test.json.DuplicateJsonObjectContextCustomizerFactory$DuplicateJsonObjectContextCustomizer@48d61b48, org.springframework.boot.test.mock.mockito.MockitoContextCustomizer@0, org.springframework.boot.test.web.client.TestRestTemplateContextCustomizer@571c5681, org.springframework.boot.test.autoconfigure.actuate.metrics.MetricsExportContextCustomizerFactory$DisableMetricExportContextCustomizer@3081f72c, org.springframework.boot.test.autoconfigure.properties.PropertyMappingContextCustomizer@0, org.springframework.boot.test.autoconfigure.web.servlet.WebDriverContextCustomizerFactory$Customizer@1115ec15, org.springframework.boot.test.context.SpringBootTestArgs@1, org.springframework.boot.test.context.SpringBootTestWebEnvironment@222545dc], resourceBasePath = 'src/main/webapp', contextLoader = 'org.springframework.boot.test.context.SpringBootContextLoader', parent = [null]], attributes = map['org.springframework.test.context.web.ServletTestExecutionListener.activateListener' -> true, 'org.springframework.test.context.web.ServletTestExecutionListener.populatedRequestContextHolder' -> true, 'org.springframework.test.context.web.ServletTestExecutionListener.resetRequestContextHolder' -> true, 'org.springframework.test.context.event.ApplicationEventsTestExecutionListener.recordApplicationEvents' -> false, 'org.springframework.boot.test.mock.mockito.MockitoTestExecutionListener.mocks' -> org.mockito.internal.configuration.InjectingAnnotationEngine$$Lambda$1049/0x0000000800695040@7f1fec57]].
]]></system-out>
  </testcase>
</testsuite>