-------------------------------------------------------------------------------
Test set: uk.co.sainsburys.interview.service.ProductServiceTests
-------------------------------------------------------------------------------
Tests run: 1, Failures: 1, Errors: 0, Skipped: 0, Time elapsed: 0.041 s <<< FAILURE! - in uk.co.sainsburys.interview.service.ProductServiceTests
uk.co.sainsburys.interview.service.ProductServiceTests.testGetProducts  Time elapsed: 0.025 s  <<< FAILURE!
org.opentest4j.AssertionFailedError: expected: <1> but was: <0>
	at uk.co.sainsburys.interview.service.ProductServiceTests.testGetProducts(ProductServiceTests.java:56)

