-------------------------------------------------------------------------------
Test set: uk.co.sainsburys.interview.controller.ProductControllerTests
-------------------------------------------------------------------------------
Tests run: 1, Failures: 0, Errors: 1, Skipped: 0, Time elapsed: 0.809 s <<< FAILURE! - in uk.co.sainsburys.interview.controller.ProductControllerTests
uk.co.sainsburys.interview.controller.ProductControllerTests.testGetProducts  Time elapsed: 0.001 s  <<< ERROR!
java.lang.IllegalStateException: Failed to load ApplicationContext
Caused by: org.springframework.beans.factory.UnsatisfiedDependencyException: Error creating bean with name 'productController' defined in file [C:\IntelliJ Projects\ProductsApplication\target\classes\uk\co\sainsburys\interview\controller\ProductController.class]: Unsatisfied dependency expressed through constructor parameter 0; nested exception is org.springframework.beans.factory.NoSuchBeanDefinitionException: No qualifying bean of type 'uk.co.sainsburys.interview.service.ProductService' available: expected at least 1 bean which qualifies as autowire candidate. Dependency annotations: {}
Caused by: org.springframework.beans.factory.NoSuchBeanDefinitionException: No qualifying bean of type 'uk.co.sainsburys.interview.service.ProductService' available: expected at least 1 bean which qualifies as autowire candidate. Dependency annotations: {}

